<?xml version="1.0" encoding="UTF-8"?>
<!-- Generated by org.testng.reporters.JUnitReportReporter -->
<testsuite hostname="w8" name="com.qa.demo.Test1" tests="1" failures="0" timestamp="1 Nov 2020 19:13:34 GMT" time="0.015" errors="0">
  <testcase name="demo1" time="0.015" classname="com.qa.demo.Test1"/>
</testsuite> <!-- com.qa.demo.Test1 -->
